Using pre-set license
Built from '2020.2/release' branch; Version is '2020.2.2f1 (068178b99f32) revision 426360'; Using compiler version '192528614'; Build Type 'Release'
OS: 'Windows 10 Pro; OS build 19042.906; Version 2009; 64bit' Language: 'pt' Physical Memory: 8051 MB
BatchMode: 1, IsHumanControllingUs: 0, StartBugReporterOnCrash: 0, Is64bit: 1, IsPro: 0

 COMMAND LINE ARGUMENTS:
C:\Program Files\Unity\Hub\Editor\2020.2.2f1\Editor\Unity.exe
-adb2
-batchMode
-noUpm
-name
AssetImportWorker0
-projectPath
G:/workspace/unity/3D/Project-Boost
-logFile
Logs/AssetImportWorker0.log
-srvPort
51820
Successfully changed project path to: G:/workspace/unity/3D/Project-Boost
G:/workspace/unity/3D/Project-Boost
Using Asset Import Pipeline V2.
Refreshing native plugins compatible for Editor in 29.28 ms, found 0 plugins.
Preloading 0 native plugins for Editor in 0.00 ms.
Initialize engine version: 2020.2.2f1 (068178b99f32)
[Subsystems] Discovering subsystems at path C:/Program Files/Unity/Hub/Editor/2020.2.2f1/Editor/Data/Resources/UnitySubsystems
[Subsystems] Discovering subsystems at path G:/workspace/unity/3D/Project-Boost/Assets
GfxDevice: creating device client; threaded=0
Direct3D:
    Version:  Direct3D 11.0 [level 11.1]
    Renderer: NVIDIA GeForce GTX 1660 SUPER (ID=0x21c4)
    Vendor:   
    VRAM:     5991 MB
    Driver:   27.21.14.5671
Initialize mono
Mono path[0] = 'C:/Program Files/Unity/Hub/Editor/2020.2.2f1/Editor/Data/Managed'
Mono path[1] = 'C:/Program Files/Unity/Hub/Editor/2020.2.2f1/Editor/Data/MonoBleedingEdge/lib/mono/unityjit'
Mono config path = 'C:/Program Files/Unity/Hub/Editor/2020.2.2f1/Editor/Data/MonoBleedingEdge/etc'
Using monoOptions --debugger-agent=transport=dt_socket,embedding=1,server=y,suspend=n,address=127.0.0.1:56844
Begin MonoManager ReloadAssembly
Registering precompiled unity dll's ...
Register platform support module: C:/Program Files/Unity/Hub/Editor/2020.2.2f1/Editor/Data/PlaybackEngines/WebGLSupport/UnityEditor.WebGL.Extensions.dll
Register platform support module: C:/Program Files/Unity/Hub/Editor/2020.2.2f1/Editor/Data/PlaybackEngines/WindowsStandaloneSupport/UnityEditor.WindowsStandalone.Extensions.dll
Registered in 0.003440 seconds.
Native extension for WindowsStandalone target not found
Native extension for WebGL target not found
Refreshing native plugins compatible for Editor in 23.27 ms, found 0 plugins.
Preloading 0 native plugins for Editor in 0.00 ms.
Invoked RoslynAnalysisRunner static constructor.
RoslynAnalysisRunner will not be running.
RoslynAnalysisRunner has terminated.
Mono: successfully reloaded assembly
- Completed reload, in  1.497 seconds
Platform modules already initialized, skipping
Registering precompiled user dll's ...
Registered in 0.001020 seconds.
Begin MonoManager ReloadAssembly
Native extension for WindowsStandalone target not found
Native extension for WebGL target not found
Refreshing native plugins compatible for Editor in 0.24 ms, found 0 plugins.
Preloading 0 native plugins for Editor in 0.00 ms.
Invoked RoslynAnalysisRunner static constructor.
RoslynAnalysisRunner will not be running.
RoslynAnalysisRunner has terminated.
Mono: successfully reloaded assembly
- Completed reload, in  1.014 seconds
Platform modules already initialized, skipping
========================================================================
Worker process is ready to serve import requests
Launched and connected shader compiler UnityShaderCompiler.exe after 0.11 seconds
Refreshing native plugins compatible for Editor in 0.26 ms, found 0 plugins.
Preloading 0 native plugins for Editor in 0.00 ms.
Unloading 1101 Unused Serialized files (Serialized files now loaded: 0)
System memory in use before: 56.6 MB.
System memory in use after: 56.7 MB.

Unloading 9 unused Assets to reduce memory usage. Loaded Objects now: 1543.
Total: 2.452000 ms (FindLiveObjects: 0.196500 ms CreateObjectMapping: 0.043200 ms MarkObjects: 2.067200 ms  DeleteObjects: 0.143200 ms)

========================================================================
Received Import Request.
  path: Assets/Scripts/CollisionHandler.cs
  artifactKey: Guid(c5e5f49691f91ed4bba20cac09f0ba21) Importer(815301076,1909f56bfc062723c751e8b465ee728b)
Start importing Assets/Scripts/CollisionHandler.cs using Guid(c5e5f49691f91ed4bba20cac09f0ba21) Importer(815301076,1909f56bfc062723c751e8b465ee728b)  -> (artifact id: '109b7d822d43de00da815df1de4f1820') in 0.099663 seconds
  Import took 0.124532 seconds .

========================================================================
Received Prepare
Registering precompiled user dll's ...
Registered in 0.000768 seconds.
Begin MonoManager ReloadAssembly
Native extension for WindowsStandalone target not found
Native extension for WebGL target not found
Refreshing native plugins compatible for Editor in 0.23 ms, found 0 plugins.
Preloading 0 native plugins for Editor in 0.00 ms.
Invoked RoslynAnalysisRunner static constructor.
RoslynAnalysisRunner will not be running.
RoslynAnalysisRunner has terminated.
Mono: successfully reloaded assembly
- Completed reload, in  0.970 seconds
Platform modules already initialized, skipping
Refreshing native plugins compatible for Editor in 0.29 ms, found 0 plugins.
Preloading 0 native plugins for Editor in 0.00 ms.
Unloading 1095 Unused Serialized files (Serialized files now loaded: 0)
System memory in use before: 56.6 MB.
System memory in use after: 56.7 MB.

Unloading 4 unused Assets to reduce memory usage. Loaded Objects now: 1545.
Total: 1.629500 ms (FindLiveObjects: 0.230500 ms CreateObjectMapping: 0.056200 ms MarkObjects: 1.318000 ms  DeleteObjects: 0.023100 ms)

========================================================================
Received Prepare
Registering precompiled user dll's ...
Registered in 0.001563 seconds.
Begin MonoManager ReloadAssembly
Native extension for WindowsStandalone target not found
Native extension for WebGL target not found
Refreshing native plugins compatible for Editor in 0.21 ms, found 0 plugins.
Preloading 0 native plugins for Editor in 0.00 ms.
Invoked RoslynAnalysisRunner static constructor.
RoslynAnalysisRunner will not be running.
RoslynAnalysisRunner has terminated.
Mono: successfully reloaded assembly
- Completed reload, in  0.840 seconds
Platform modules already initialized, skipping
Refreshing native plugins compatible for Editor in 0.23 ms, found 0 plugins.
Preloading 0 native plugins for Editor in 0.00 ms.
Unloading 1095 Unused Serialized files (Serialized files now loaded: 0)
System memory in use before: 56.7 MB.
System memory in use after: 56.8 MB.

Unloading 4 unused Assets to reduce memory usage. Loaded Objects now: 1547.
Total: 1.691900 ms (FindLiveObjects: 0.167400 ms CreateObjectMapping: 0.047700 ms MarkObjects: 1.453000 ms  DeleteObjects: 0.022100 ms)

========================================================================
Received Prepare
Registering precompiled user dll's ...
Registered in 0.001413 seconds.
Begin MonoManager ReloadAssembly
Native extension for WindowsStandalone target not found
Native extension for WebGL target not found
Refreshing native plugins compatible for Editor in 0.25 ms, found 0 plugins.
Preloading 0 native plugins for Editor in 0.00 ms.
Invoked RoslynAnalysisRunner static constructor.
RoslynAnalysisRunner will not be running.
RoslynAnalysisRunner has terminated.
Mono: successfully reloaded assembly
- Completed reload, in  0.997 seconds
Platform modules already initialized, skipping
Refreshing native plugins compatible for Editor in 0.22 ms, found 0 plugins.
Preloading 0 native plugins for Editor in 0.00 ms.
Unloading 1095 Unused Serialized files (Serialized files now loaded: 0)
System memory in use before: 56.9 MB.
System memory in use after: 57.0 MB.

Unloading 4 unused Assets to reduce memory usage. Loaded Objects now: 1549.
Total: 2.437700 ms (FindLiveObjects: 0.403800 ms CreateObjectMapping: 0.142500 ms MarkObjects: 1.863400 ms  DeleteObjects: 0.026000 ms)

========================================================================
Received Prepare
Registering precompiled user dll's ...
Registered in 0.004753 seconds.
Begin MonoManager ReloadAssembly
Native extension for WindowsStandalone target not found
Native extension for WebGL target not found
Refreshing native plugins compatible for Editor in 0.29 ms, found 0 plugins.
Preloading 0 native plugins for Editor in 0.00 ms.
Invoked RoslynAnalysisRunner static constructor.
RoslynAnalysisRunner will not be running.
RoslynAnalysisRunner has terminated.
Mono: successfully reloaded assembly
- Completed reload, in  0.974 seconds
Platform modules already initialized, skipping
Refreshing native plugins compatible for Editor in 0.30 ms, found 0 plugins.
Preloading 0 native plugins for Editor in 0.00 ms.
Unloading 1095 Unused Serialized files (Serialized files now loaded: 0)
System memory in use before: 57.0 MB.
System memory in use after: 57.1 MB.

Unloading 4 unused Assets to reduce memory usage. Loaded Objects now: 1551.
Total: 2.752400 ms (FindLiveObjects: 0.400700 ms CreateObjectMapping: 0.236700 ms MarkObjects: 2.096000 ms  DeleteObjects: 0.016900 ms)

========================================================================
Received Prepare
Registering precompiled user dll's ...
Registered in 0.001640 seconds.
Begin MonoManager ReloadAssembly
Native extension for WindowsStandalone target not found
Native extension for WebGL target not found
Refreshing native plugins compatible for Editor in 0.21 ms, found 0 plugins.
Preloading 0 native plugins for Editor in 0.00 ms.
Invoked RoslynAnalysisRunner static constructor.
RoslynAnalysisRunner will not be running.
RoslynAnalysisRunner has terminated.
Mono: successfully reloaded assembly
- Completed reload, in  0.868 seconds
Platform modules already initialized, skipping
Refreshing native plugins compatible for Editor in 0.25 ms, found 0 plugins.
Preloading 0 native plugins for Editor in 0.00 ms.
Unloading 1095 Unused Serialized files (Serialized files now loaded: 0)
System memory in use before: 57.1 MB.
System memory in use after: 57.2 MB.

Unloading 4 unused Assets to reduce memory usage. Loaded Objects now: 1553.
Total: 2.067800 ms (FindLiveObjects: 0.234500 ms CreateObjectMapping: 0.073000 ms MarkObjects: 1.714700 ms  DeleteObjects: 0.044100 ms)

========================================================================
Received Import Request.
  Time since last request: 2451.807529 seconds.
  path: Assets/Scenes/Level 1.unity
  artifactKey: Guid(2afbbc4adcab3584c960ac01b3dfe3f2) Importer(815301076,1909f56bfc062723c751e8b465ee728b)
Start importing Assets/Scenes/Level 1.unity using Guid(2afbbc4adcab3584c960ac01b3dfe3f2) Importer(815301076,1909f56bfc062723c751e8b465ee728b)  -> (artifact id: '81b18f723152b77fc9b6cfa7e7b94811') in 0.031749 seconds
  Import took 0.034647 seconds .

========================================================================
Received Import Request.
  Time since last request: 9.147625 seconds.
  path: Assets/Scenes/Fly Over.unity
  artifactKey: Guid(2afbbc4adcab3584c960ac01b3dfe3f2) Importer(815301076,1909f56bfc062723c751e8b465ee728b)
Start importing Assets/Scenes/Fly Over.unity using Guid(2afbbc4adcab3584c960ac01b3dfe3f2) Importer(815301076,1909f56bfc062723c751e8b465ee728b)  -> (artifact id: '4f1afe0d8656e5d4c9f7bca63218d8cb') in 0.065227 seconds
  Import took 0.234209 seconds .

========================================================================
Received Import Request.
  Time since last request: 84.399157 seconds.
  path: Assets/Scenes/Fly Over.unity
  artifactKey: Guid(2afbbc4adcab3584c960ac01b3dfe3f2) Importer(815301076,1909f56bfc062723c751e8b465ee728b)
Start importing Assets/Scenes/Fly Over.unity using Guid(2afbbc4adcab3584c960ac01b3dfe3f2) Importer(815301076,1909f56bfc062723c751e8b465ee728b)  -> (artifact id: '5bed74f1913a96000cda6284a581b9e2') in 0.003377 seconds
  Import took 0.009518 seconds .

========================================================================
Received Import Request.
  Time since last request: 1.597416 seconds.
  path: Assets/Scenes/Fly Over 1.unity
  artifactKey: Guid(720b5d2e5e6d11d4fa40e14fcdfe49c2) Importer(815301076,1909f56bfc062723c751e8b465ee728b)
Start importing Assets/Scenes/Fly Over 1.unity using Guid(720b5d2e5e6d11d4fa40e14fcdfe49c2) Importer(815301076,1909f56bfc062723c751e8b465ee728b)  -> (artifact id: 'fef44eec7efb2b163f1faaaf1a1aa3e3') in 0.016884 seconds
  Import took 0.020110 seconds .

========================================================================
Received Import Request.
  Time since last request: 5.686171 seconds.
  path: Assets/Scenes/Going Under.unity
  artifactKey: Guid(720b5d2e5e6d11d4fa40e14fcdfe49c2) Importer(815301076,1909f56bfc062723c751e8b465ee728b)
Start importing Assets/Scenes/Going Under.unity using Guid(720b5d2e5e6d11d4fa40e14fcdfe49c2) Importer(815301076,1909f56bfc062723c751e8b465ee728b)  -> (artifact id: '7be40abe30afbfbb74431cdcd5c31ec2') in 0.015103 seconds
  Import took 0.018047 seconds .

========================================================================
Received Import Request.
  Time since last request: 13.880449 seconds.
  path: Assets/Materials/Ground Material.mat
  artifactKey: Guid(55bd405e036dc544c84cca40e92d449f) Importer(815301076,1909f56bfc062723c751e8b465ee728b)
Start importing Assets/Materials/Ground Material.mat using Guid(55bd405e036dc544c84cca40e92d449f) Importer(815301076,1909f56bfc062723c751e8b465ee728b)  -> (artifact id: 'f0ca8a9714275cc8ceabf812fc422aef') in 0.208747 seconds
  Import took 0.228550 seconds .

========================================================================
Received Import Request.
  Time since last request: 0.000238 seconds.
  path: Assets/Materials/Landing Pad Material.mat
  artifactKey: Guid(fdde0faacede92d4aa55bdc1fdfabe3e) Importer(815301076,1909f56bfc062723c751e8b465ee728b)
Start importing Assets/Materials/Landing Pad Material.mat using Guid(fdde0faacede92d4aa55bdc1fdfabe3e) Importer(815301076,1909f56bfc062723c751e8b465ee728b)  -> (artifact id: '96904f14d3ed1a16e06980837b161653') in 0.064018 seconds
  Import took 0.066740 seconds .

========================================================================
Received Import Request.
  Time since last request: 0.000248 seconds.
  path: Assets/Materials/Lauching Pad Material.mat
  artifactKey: Guid(478f5b4cdfb9f194289b165b3ed79d86) Importer(815301076,1909f56bfc062723c751e8b465ee728b)
Start importing Assets/Materials/Lauching Pad Material.mat using Guid(478f5b4cdfb9f194289b165b3ed79d86) Importer(815301076,1909f56bfc062723c751e8b465ee728b)  -> (artifact id: 'ceaec06abcf64eb2124523e009e32c96') in 0.032220 seconds
  Import took 0.034799 seconds .

========================================================================
Received Import Request.
  Time since last request: 0.000220 seconds.
  path: Assets/Materials/Obstacle Material.mat
  artifactKey: Guid(5e0b1aac63737174693a69122ea561f8) Importer(815301076,1909f56bfc062723c751e8b465ee728b)
Start importing Assets/Materials/Obstacle Material.mat using Guid(5e0b1aac63737174693a69122ea561f8) Importer(815301076,1909f56bfc062723c751e8b465ee728b)  -> (artifact id: '8e36043270eec00a11874ca87f82a601') in 0.030126 seconds
  Import took 0.032928 seconds .

========================================================================
Received Import Request.
  Time since last request: 0.000204 seconds.
  path: Assets/Materials/Lauching Pad Material.mat
  artifactKey: Guid(478f5b4cdfb9f194289b165b3ed79d86) Importer(815301076,1909f56bfc062723c751e8b465ee728b)
Start importing Assets/Materials/Lauching Pad Material.mat using Guid(478f5b4cdfb9f194289b165b3ed79d86) Importer(815301076,1909f56bfc062723c751e8b465ee728b)  -> (artifact id: 'ceaec06abcf64eb2124523e009e32c96') in 0.032071 seconds
  Import took 0.036963 seconds .

========================================================================
Received Import Request.
  Time since last request: 0.000190 seconds.
  path: Assets/Materials/Obstacle Material.mat
  artifactKey: Guid(5e0b1aac63737174693a69122ea561f8) Importer(815301076,1909f56bfc062723c751e8b465ee728b)
Start importing Assets/Materials/Obstacle Material.mat using Guid(5e0b1aac63737174693a69122ea561f8) Importer(815301076,1909f56bfc062723c751e8b465ee728b)  -> (artifact id: '8e36043270eec00a11874ca87f82a601') in 0.025499 seconds
  Import took 0.027663 seconds .

========================================================================
Received Import Request.
  Time since last request: 0.000182 seconds.
  path: Assets/Materials/Rocket Material.mat
  artifactKey: Guid(2b73aea53ae6d3b459a60f7ac2acbbef) Importer(815301076,1909f56bfc062723c751e8b465ee728b)
Start importing Assets/Materials/Rocket Material.mat using Guid(2b73aea53ae6d3b459a60f7ac2acbbef) Importer(815301076,1909f56bfc062723c751e8b465ee728b)  -> (artifact id: 'cdca34aeed6c81bde41e42a1aa8c290b') in 0.031353 seconds
  Import took 0.033726 seconds .

========================================================================
Received Import Request.
  Time since last request: 2.827583 seconds.
  path: Assets/Materials
  artifactKey: Guid(4bac2dbd82da7e84a88079bb159b709d) Importer(815301076,1909f56bfc062723c751e8b465ee728b)
Start importing Assets/Materials using Guid(4bac2dbd82da7e84a88079bb159b709d) Importer(815301076,1909f56bfc062723c751e8b465ee728b)  -> (artifact id: 'f3d710f3fffcf560beab097d0991275c') in 0.014539 seconds
  Import took 0.037495 seconds .

========================================================================
Received Import Request.
  Time since last request: 25.389751 seconds.
  path: Assets/Materials/Obstacle Material 1.mat
  artifactKey: Guid(f24b00ae70c00da4292f87758f495311) Importer(815301076,1909f56bfc062723c751e8b465ee728b)
Start importing Assets/Materials/Obstacle Material 1.mat using Guid(f24b00ae70c00da4292f87758f495311) Importer(815301076,1909f56bfc062723c751e8b465ee728b)  -> (artifact id: '01af6190a48c1919f9d3464d2d050307') in 0.013383 seconds
  Import took 0.017320 seconds .

========================================================================
Received Import Request.
  Time since last request: 15.918727 seconds.
  path: Assets/Scenes/Going Under.unity
  artifactKey: Guid(720b5d2e5e6d11d4fa40e14fcdfe49c2) Importer(815301076,1909f56bfc062723c751e8b465ee728b)
Start importing Assets/Scenes/Going Under.unity using Guid(720b5d2e5e6d11d4fa40e14fcdfe49c2) Importer(815301076,1909f56bfc062723c751e8b465ee728b)  -> (artifact id: '3eb3e61b2fb0bdf8758ee8b2fa0f0b4e') in 0.004993 seconds
  Import took 0.008328 seconds .

========================================================================
Received Import Request.
  Time since last request: 7.826977 seconds.
  path: Assets/Scenes/Down Under.unity
  artifactKey: Guid(720b5d2e5e6d11d4fa40e14fcdfe49c2) Importer(815301076,1909f56bfc062723c751e8b465ee728b)
Start importing Assets/Scenes/Down Under.unity using Guid(720b5d2e5e6d11d4fa40e14fcdfe49c2) Importer(815301076,1909f56bfc062723c751e8b465ee728b)  -> (artifact id: '426a8c747af1a3f6a9ce0aec0099421a') in 0.010578 seconds
  Import took 0.018178 seconds .

